# JRE version: OpenJDK Runtime Environment (21.0.5) (build 21.0.5+-13047016-b750.29)
# Java VM: OpenJDK 64-Bit Server VM (21.0.5+-12932927-b750.29, mixed mode, tiered, compressed oops, compressed class ptrs, g1 gc, windows-amd64)
GC Precious Log:
 CardTable entry size: 512
 Card Set container configuration: InlinePtr #cards 5 size 8 Array Of Cards #cards 12 size 40 Howl #buckets 4 coarsen threshold 1843 Howl Bitmap #cards 512 size 80 coarsen threshold 460 Card regions per heap region 1 cards per card region 2048
 CPUs: 8 total, 8 available
 Memory: 7103M
 Large Page Support: Disabled
 NUMA Support: Disabled
 Compressed Oops: Enabled (32-bit)
 Heap Region Size: 1M
 Heap Min Capacity: 8M
 Heap Initial Capacity: 112M
 Heap Max Capacity: 2G
 Pre-touch: Disabled
 Parallel Workers: 8
 Concurrent Workers: 2
 Concurrent Refinement Workers: 8
 Periodic GC: Disabled
Heap:
 garbage-first heap   total 84992K, used 65434K [0x0000000080000000, 0x0000000100000000)
  region size 1024K, 31 young (31744K), 3 survivors (3072K)
 Metaspace       used 62510K, committed 64064K, reserved 1114112K
  class space    used 8547K, committed 9344K, reserved 1048576K
GC Heap History (20 events):
Event: 4.197 GC heap before
{Heap before GC invocations=2 (full 0):
 garbage-first heap   total 114688K, used 56269K [0x0000000080000000, 0x0000000100000000)
  region size 1024K, 48 young (49152K), 5 survivors (5120K)
 Metaspace       used 12597K, committed 12800K, reserved 1114112K
  class space    used 1352K, committed 1472K, reserved 1048576K
}
Event: 4.208 GC heap after
{Heap after GC invocations=3 (full 0):
 garbage-first heap   total 114688K, used 16780K [0x0000000080000000, 0x0000000100000000)
  region size 1024K, 5 young (5120K), 5 survivors (5120K)
 Metaspace       used 12597K, committed 12800K, reserved 1114112K
  class space    used 1352K, committed 1472K, reserved 1048576K
}
Event: 8.063 GC heap before
{Heap before GC invocations=3 (full 0):
 garbage-first heap   total 114688K, used 45452K [0x0000000080000000, 0x0000000100000000)
  region size 1024K, 34 young (34816K), 5 survivors (5120K)
 Metaspace       used 21130K, committed 21504K, reserved 1114112K
  class space    used 2431K, committed 2624K, reserved 1048576K
}
Event: 8.071 GC heap after
{Heap after GC invocations=4 (full 0):
 garbage-first heap   total 114688K, used 20425K [0x0000000080000000, 0x0000000100000000)
  region size 1024K, 9 young (9216K), 9 survivors (9216K)
 Metaspace       used 21130K, committed 21504K, reserved 1114112K
  class space    used 2431K, committed 2624K, reserved 1048576K
}
Event: 15.042 GC heap before
{Heap before GC invocations=5 (full 0):
 garbage-first heap   total 71680K, used 70601K [0x0000000080000000, 0x0000000100000000)
  region size 1024K, 58 young (59392K), 9 survivors (9216K)
 Metaspace       used 29265K, committed 29888K, reserved 1114112K
  class space    used 3719K, committed 4032K, reserved 1048576K
}
Event: 15.053 GC heap after
{Heap after GC invocations=6 (full 0):
 garbage-first heap   total 84992K, used 23948K [0x0000000080000000, 0x0000000100000000)
  region size 1024K, 8 young (8192K), 8 survivors (8192K)
 Metaspace       used 29265K, committed 29888K, reserved 1114112K
  class space    used 3719K, committed 4032K, reserved 1048576K
}
Event: 19.803 GC heap before
{Heap before GC invocations=6 (full 0):
 garbage-first heap   total 84992K, used 65932K [0x0000000080000000, 0x0000000100000000)
  region size 1024K, 49 young (50176K), 8 survivors (8192K)
 Metaspace       used 34962K, committed 35776K, reserved 1114112K
  class space    used 4652K, committed 5056K, reserved 1048576K
}
Event: 19.814 GC heap after
{Heap after GC invocations=7 (full 0):
 garbage-first heap   total 84992K, used 26314K [0x0000000080000000, 0x0000000100000000)
  region size 1024K, 6 young (6144K), 6 survivors (6144K)
 Metaspace       used 34962K, committed 35776K, reserved 1114112K
  class space    used 4652K, committed 5056K, reserved 1048576K
}
Event: 20.012 GC heap before
{Heap before GC invocations=7 (full 0):
 garbage-first heap   total 84992K, used 28362K [0x0000000080000000, 0x0000000100000000)
  region size 1024K, 9 young (9216K), 6 survivors (6144K)
 Metaspace       used 35297K, committed 36096K, reserved 1114112K
  class space    used 4715K, committed 5120K, reserved 1048576K
}
Event: 20.018 GC heap after
{Heap after GC invocations=8 (full 0):
 garbage-first heap   total 84992K, used 26634K [0x0000000080000000, 0x0000000100000000)
  region size 1024K, 4 young (4096K), 4 survivors (4096K)
 Metaspace       used 35297K, committed 36096K, reserved 1114112K
  class space    used 4715K, committed 5120K, reserved 1048576K
}
Event: 23.269 GC heap before
{Heap before GC invocations=9 (full 0):
 garbage-first heap   total 84992K, used 71690K [0x0000000080000000, 0x0000000100000000)
  region size 1024K, 48 young (49152K), 4 survivors (4096K)
 Metaspace       used 41812K, committed 42944K, reserved 1114112K
  class space    used 5671K, committed 6208K, reserved 1048576K
}
Event: 23.275 GC heap after
{Heap after GC invocations=10 (full 0):
 garbage-first heap   total 84992K, used 29209K [0x0000000080000000, 0x0000000100000000)
  region size 1024K, 6 young (6144K), 6 survivors (6144K)
 Metaspace       used 41812K, committed 42944K, reserved 1114112K
  class space    used 5671K, committed 6208K, reserved 1048576K
}
Event: 25.476 GC heap before
{Heap before GC invocations=10 (full 0):
 garbage-first heap   total 84992K, used 72217K [0x0000000080000000, 0x0000000100000000)
  region size 1024K, 49 young (50176K), 6 survivors (6144K)
 Metaspace       used 46784K, committed 48064K, reserved 1114112K
  class space    used 6240K, committed 6848K, reserved 1048576K
}
Event: 25.486 GC heap after
{Heap after GC invocations=11 (full 0):
 garbage-first heap   total 84992K, used 32788K [0x0000000080000000, 0x0000000100000000)
  region size 1024K, 7 young (7168K), 7 survivors (7168K)
 Metaspace       used 46784K, committed 48064K, reserved 1114112K
  class space    used 6240K, committed 6848K, reserved 1048576K
}
Event: 28.144 GC heap before
{Heap before GC invocations=11 (full 0):
 garbage-first heap   total 84992K, used 71700K [0x0000000080000000, 0x0000000100000000)
  region size 1024K, 45 young (46080K), 7 survivors (7168K)
 Metaspace       used 49396K, committed 50752K, reserved 1114112K
  class space    used 6661K, committed 7296K, reserved 1048576K
}
Event: 28.154 GC heap after
{Heap after GC invocations=12 (full 0):
 garbage-first heap   total 84992K, used 35217K [0x0000000080000000, 0x0000000100000000)
  region size 1024K, 3 young (3072K), 3 survivors (3072K)
 Metaspace       used 49396K, committed 50752K, reserved 1114112K
  class space    used 6661K, committed 7296K, reserved 1048576K
}
Event: 30.170 GC heap before
{Heap before GC invocations=12 (full 0):
 garbage-first heap   total 84992K, used 75153K [0x0000000080000000, 0x0000000100000000)
  region size 1024K, 41 young (41984K), 3 survivors (3072K)
 Metaspace       used 55206K, committed 56704K, reserved 1114112K
  class space    used 7424K, committed 8192K, reserved 1048576K
}
Event: 30.175 GC heap after
{Heap after GC invocations=13 (full 0):
 garbage-first heap   total 84992K, used 36407K [0x0000000080000000, 0x0000000100000000)
  region size 1024K, 4 young (4096K), 4 survivors (4096K)
 Metaspace       used 55206K, committed 56704K, reserved 1114112K
  class space    used 7424K, committed 8192K, reserved 1048576K
}
Event: 31.753 GC heap before
{Heap before GC invocations=13 (full 0):
 garbage-first heap   total 84992K, used 62007K [0x0000000080000000, 0x0000000100000000)
  region size 1024K, 30 young (30720K), 4 survivors (4096K)
 Metaspace       used 58784K, committed 60288K, reserved 1114112K
  class space    used 7922K, committed 8704K, reserved 1048576K
}
Event: 31.760 GC heap after
{Heap after GC invocations=14 (full 0):
 garbage-first heap   total 84992K, used 37786K [0x0000000080000000, 0x0000000100000000)
  region size 1024K, 3 young (3072K), 3 survivors (3072K)
 Metaspace       used 58784K, committed 60288K, reserved 1114112K
  class space    used 7922K, committed 8704K, reserved 1048576K
}

